<?xml version="1.0" encoding="UTF-8"?>
<testng-results ignored="0" total="1" passed="1" failed="0" skipped="0">
  <reporter-output>
  </reporter-output>
  <suite started-at="2025-01-25T13:16:51 IST" name="Suite" finished-at="2025-01-25T13:17:51 IST" duration-ms="59559">
    <groups>
    </groups>
    <test started-at="2025-01-25T13:16:51 IST" name="Error Validation Test" finished-at="2025-01-25T13:17:51 IST" duration-ms="59559">
      <class name="appiumautomation.loginTestcase">
        <test-method is-config="true" signature="ConfigureAppium()[pri:0, instance:appiumautomation.loginTestcase@56dc1551]" started-at="2025-01-25T13:16:51 IST" name="ConfigureAppium" finished-at="2025-01-25T13:17:17 IST" duration-ms="25299" status="PASS">
          <reporter-output>
          </reporter-output>
        </test-method> <!-- ConfigureAppium -->
        <test-method signature="loginIntoApp()[pri:0, instance:appiumautomation.loginTestcase@56dc1551]" started-at="2025-01-25T13:17:17 IST" name="loginIntoApp" finished-at="2025-01-25T13:17:49 IST" duration-ms="32503" status="PASS">
          <reporter-output>
          </reporter-output>
        </test-method> <!-- loginIntoApp -->
        <test-method is-config="true" signature="tearDown()[pri:0, instance:appiumautomation.loginTestcase@56dc1551]" started-at="2025-01-25T13:17:49 IST" name="tearDown" finished-at="2025-01-25T13:17:51 IST" duration-ms="1686" status="PASS">
          <reporter-output>
          </reporter-output>
        </test-method> <!-- tearDown -->
      </class> <!-- appiumautomation.loginTestcase -->
    </test> <!-- Error Validation Test -->
  </suite> <!-- Suite -->
</testng-results>
